[2017-07-19 02:42:56] production.ERROR: InvalidArgumentException: There are no commands defined in the "casce:" namespace. in E:\biotrop\herbarium\herbarium2\herbarium\vendor\symfony\console\Symfony\Component\Console\Application.php:501
Stack trace:
#0 E:\biotrop\herbarium\herbarium2\herbarium\vendor\symfony\console\Symfony\Component\Console\Application.php(535): Symfony\Component\Console\Application->findNamespace('casce:')
#1 E:\biotrop\herbarium\herbarium2\herbarium\vendor\symfony\console\Symfony\Component\Console\Application.php(192): Symfony\Component\Console\Application->find('casce::clear')
#2 E:\biotrop\herbarium\herbarium2\herbarium\vendor\symfony\console\Symfony\Component\Console\Application.php(126): Symfony\Component\Console\Application->doRun(Object(Symfony\Component\Console\Input\ArgvInput), Object(Symfony\Component\Console\Output\ConsoleOutput))
#3 E:\biotrop\herbarium\herbarium2\herbarium\vendor\laravel\framework\src\Illuminate\Foundation\Console\Kernel.php(90): Symfony\Component\Console\Application->run(Object(Symfony\Component\Console\Input\ArgvInput), Object(Symfony\Component\Console\Output\ConsoleOutput))
#4 E:\biotrop\herbarium\herbarium2\herbarium\artisan(35): Illuminate\Foundation\Console\Kernel->handle(Object(Symfony\Component\Console\Input\ArgvInput), Object(Symfony\Component\Console\Output\ConsoleOutput))
#5 {main}  
[2017-07-19 02:43:13] production.ERROR: InvalidArgumentException: There are no commands defined in the "cache:" namespace.

Did you mean this?
    cache in E:\biotrop\herbarium\herbarium2\herbarium\vendor\symfony\console\Symfony\Component\Console\Application.php:501
Stack trace:
#0 E:\biotrop\herbarium\herbarium2\herbarium\vendor\symfony\console\Symfony\Component\Console\Application.php(535): Symfony\Component\Console\Application->findNamespace('cache:')
#1 E:\biotrop\herbarium\herbarium2\herbarium\vendor\symfony\console\Symfony\Component\Console\Application.php(192): Symfony\Component\Console\Application->find('cache::clear')
#2 E:\biotrop\herbarium\herbarium2\herbarium\vendor\symfony\console\Symfony\Component\Console\Application.php(126): Symfony\Component\Console\Application->doRun(Object(Symfony\Component\Console\Input\ArgvInput), Object(Symfony\Component\Console\Output\ConsoleOutput))
#3 E:\biotrop\herbarium\herbarium2\herbarium\vendor\laravel\framework\src\Illuminate\Foundation\Console\Kernel.php(90): Symfony\Component\Console\Application->run(Object(Symfony\Component\Console\Input\ArgvInput), Object(Symfony\Component\Console\Output\ConsoleOutput))
#4 E:\biotrop\herbarium\herbarium2\herbarium\artisan(35): Illuminate\Foundation\Console\Kernel->handle(Object(Symfony\Component\Console\Input\ArgvInput), Object(Symfony\Component\Console\Output\ConsoleOutput))
#5 {main}  
[2017-07-19 03:17:17] production.ERROR: ErrorException: Function mcrypt_get_iv_size() is deprecated in E:\biotrop\herbarium\herbarium2\herbarium\vendor\laravel\framework\src\Illuminate\Encryption\Encrypter.php:303
Stack trace:
#0 E:\biotrop\herbarium\herbarium2\herbarium\vendor\laravel\framework\src\Illuminate\Encryption\Encrypter.php(303): Illuminate\Foundation\Bootstrap\HandleExceptions->handleError(8192, 'Function mcrypt...', 'E:\\biotrop\\herb...', 303, Array)
#1 E:\biotrop\herbarium\herbarium2\herbarium\vendor\laravel\framework\src\Illuminate\Encryption\Encrypter.php(280): Illuminate\Encryption\Encrypter->updateBlockSize()
#2 E:\biotrop\herbarium\herbarium2\herbarium\vendor\laravel\framework\src\Illuminate\Encryption\EncryptionServiceProvider.php(20): Illuminate\Encryption\Encrypter->setCipher('rijndael-128')
#3 E:\biotrop\herbarium\herbarium2\herbarium\vendor\laravel\framework\src\Illuminate\Container\Container.php(773): Illuminate\Encryption\EncryptionServiceProvider->Illuminate\Encryption\{closure}(Object(Illuminate\Foundation\Application), Array)
#4 E:\biotrop\herbarium\herbarium2\herbarium\vendor\laravel\framework\src\Illuminate\Container\Container.php(656): Illuminate\Container\Container->build(Object(Closure), Array)
#5 E:\biotrop\herbarium\herbarium2\herbarium\vendor\laravel\framework\src\Illuminate\Foundation\Application.php(613): Illuminate\Container\Container->make('encrypter', Array)
#6 E:\biotrop\herbarium\herbarium2\herbarium\vendor\laravel\framework\src\Illuminate\Container\Container.php(887): Illuminate\Foundation\Application->make('encrypter')
#7 E:\biotrop\herbarium\herbarium2\herbarium\vendor\laravel\framework\src\Illuminate\Container\Container.php(848): Illuminate\Container\Container->resolveClass(Object(ReflectionParameter))
#8 E:\biotrop\herbarium\herbarium2\herbarium\vendor\laravel\framework\src\Illuminate\Container\Container.php(811): Illuminate\Container\Container->getDependencies(Array, Array)
#9 E:\biotrop\herbarium\herbarium2\herbarium\vendor\laravel\framework\src\Illuminate\Container\Container.php(656): Illuminate\Container\Container->build('Illuminate\\Cook...', Array)
#10 E:\biotrop\herbarium\herbarium2\herbarium\vendor\laravel\framework\src\Illuminate\Foundation\Application.php(613): Illuminate\Container\Container->make('Illuminate\\Cook...', Array)
#11 E:\biotrop\herbarium\herbarium2\herbarium\vendor\laravel\framework\src\Illuminate\Pipeline\Pipeline.php(124): Illuminate\Foundation\Application->make('Illuminate\\Cook...')
#12 E:\biotrop\herbarium\herbarium2\herbarium\vendor\laravel\framework\src\Illuminate\Foundation\Http\Middleware\CheckForMaintenanceMode.php(42): Illuminate\Pipeline\Pipeline->Illuminate\Pipeline\{closure}(Object(Illuminate\Http\Request))
#13 E:\biotrop\herbarium\herbarium2\herbarium\vendor\laravel\framework\src\Illuminate\Pipeline\Pipeline.php(125): Illuminate\Foundation\Http\Middleware\CheckForMaintenanceMode->handle(Object(Illuminate\Http\Request), Object(Closure))
#14 [internal function]: Illuminate\Pipeline\Pipeline->Illuminate\Pipeline\{closure}(Object(Illuminate\Http\Request))
#15 E:\biotrop\herbarium\herbarium2\herbarium\vendor\laravel\framework\src\Illuminate\Pipeline\Pipeline.php(100): call_user_func(Object(Closure), Object(Illuminate\Http\Request))
#16 E:\biotrop\herbarium\herbarium2\herbarium\vendor\laravel\framework\src\Illuminate\Foundation\Http\Kernel.php(115): Illuminate\Pipeline\Pipeline->then(Object(Closure))
#17 E:\biotrop\herbarium\herbarium2\herbarium\vendor\laravel\framework\src\Illuminate\Foundation\Http\Kernel.php(84): Illuminate\Foundation\Http\Kernel->sendRequestThroughRouter(Object(Illuminate\Http\Request))
#18 E:\biotrop\herbarium\herbarium2\herbarium\public\index.php(52): Illuminate\Foundation\Http\Kernel->handle(Object(Illuminate\Http\Request))
#19 E:\biotrop\herbarium\herbarium2\herbarium\server.php(21): require_once('E:\\biotrop\\herb...')
#20 {main}  
[2017-07-19 03:17:18] production.ERROR: ErrorException: Function mcrypt_get_iv_size() is deprecated in E:\biotrop\herbarium\herbarium2\herbarium\vendor\laravel\framework\src\Illuminate\Encryption\Encrypter.php:303
Stack trace:
#0 E:\biotrop\herbarium\herbarium2\herbarium\vendor\laravel\framework\src\Illuminate\Encryption\Encrypter.php(303): Illuminate\Foundation\Bootstrap\HandleExceptions->handleError(8192, 'Function mcrypt...', 'E:\\biotrop\\herb...', 303, Array)
#1 E:\biotrop\herbarium\herbarium2\herbarium\vendor\laravel\framework\src\Illuminate\Encryption\Encrypter.php(280): Illuminate\Encryption\Encrypter->updateBlockSize()
#2 E:\biotrop\herbarium\herbarium2\herbarium\vendor\laravel\framework\src\Illuminate\Encryption\EncryptionServiceProvider.php(20): Illuminate\Encryption\Encrypter->setCipher('rijndael-128')
#3 E:\biotrop\herbarium\herbarium2\herbarium\vendor\laravel\framework\src\Illuminate\Container\Container.php(773): Illuminate\Encryption\EncryptionServiceProvider->Illuminate\Encryption\{closure}(Object(Illuminate\Foundation\Application), Array)
#4 E:\biotrop\herbarium\herbarium2\herbarium\vendor\laravel\framework\src\Illuminate\Container\Container.php(656): Illuminate\Container\Container->build(Object(Closure), Array)
#5 E:\biotrop\herbarium\herbarium2\herbarium\vendor\laravel\framework\src\Illuminate\Foundation\Application.php(613): Illuminate\Container\Container->make('encrypter', Array)
#6 E:\biotrop\herbarium\herbarium2\herbarium\vendor\laravel\framework\src\Illuminate\Container\Container.php(887): Illuminate\Foundation\Application->make('encrypter')
#7 E:\biotrop\herbarium\herbarium2\herbarium\vendor\laravel\framework\src\Illuminate\Container\Container.php(848): Illuminate\Container\Container->resolveClass(Object(ReflectionParameter))
#8 E:\biotrop\herbarium\herbarium2\herbarium\vendor\laravel\framework\src\Illuminate\Container\Container.php(811): Illuminate\Container\Container->getDependencies(Array, Array)
#9 E:\biotrop\herbarium\herbarium2\herbarium\vendor\laravel\framework\src\Illuminate\Container\Container.php(656): Illuminate\Container\Container->build('Illuminate\\Cook...', Array)
#10 E:\biotrop\herbarium\herbarium2\herbarium\vendor\laravel\framework\src\Illuminate\Foundation\Application.php(613): Illuminate\Container\Container->make('Illuminate\\Cook...', Array)
#11 E:\biotrop\herbarium\herbarium2\herbarium\vendor\laravel\framework\src\Illuminate\Foundation\Http\Kernel.php(131): Illuminate\Foundation\Application->make('Illuminate\\Cook...')
#12 E:\biotrop\herbarium\herbarium2\herbarium\public\index.php(57): Illuminate\Foundation\Http\Kernel->terminate(Object(Illuminate\Http\Request), Object(Symfony\Component\HttpFoundation\Response))
#13 E:\biotrop\herbarium\herbarium2\herbarium\server.php(21): require_once('E:\\biotrop\\herb...')
#14 {main}  
[2017-07-19 03:17:23] production.ERROR: ErrorException: Function mcrypt_get_iv_size() is deprecated in E:\biotrop\herbarium\herbarium2\herbarium\vendor\laravel\framework\src\Illuminate\Encryption\Encrypter.php:303
Stack trace:
#0 E:\biotrop\herbarium\herbarium2\herbarium\vendor\laravel\framework\src\Illuminate\Encryption\Encrypter.php(303): Illuminate\Foundation\Bootstrap\HandleExceptions->handleError(8192, 'Function mcrypt...', 'E:\\biotrop\\herb...', 303, Array)
#1 E:\biotrop\herbarium\herbarium2\herbarium\vendor\laravel\framework\src\Illuminate\Encryption\Encrypter.php(280): Illuminate\Encryption\Encrypter->updateBlockSize()
#2 E:\biotrop\herbarium\herbarium2\herbarium\vendor\laravel\framework\src\Illuminate\Encryption\EncryptionServiceProvider.php(20): Illuminate\Encryption\Encrypter->setCipher('rijndael-128')
#3 E:\biotrop\herbarium\herbarium2\herbarium\vendor\laravel\framework\src\Illuminate\Container\Container.php(773): Illuminate\Encryption\EncryptionServiceProvider->Illuminate\Encryption\{closure}(Object(Illuminate\Foundation\Application), Array)
#4 E:\biotrop\herbarium\herbarium2\herbarium\vendor\laravel\framework\src\Illuminate\Container\Container.php(656): Illuminate\Container\Container->build(Object(Closure), Array)
#5 E:\biotrop\herbarium\herbarium2\herbarium\vendor\laravel\framework\src\Illuminate\Foundation\Application.php(613): Illuminate\Container\Container->make('encrypter', Array)
#6 E:\biotrop\herbarium\herbarium2\herbarium\vendor\laravel\framework\src\Illuminate\Container\Container.php(887): Illuminate\Foundation\Application->make('encrypter')
#7 E:\biotrop\herbarium\herbarium2\herbarium\vendor\laravel\framework\src\Illuminate\Container\Container.php(848): Illuminate\Container\Container->resolveClass(Object(ReflectionParameter))
#8 E:\biotrop\herbarium\herbarium2\herbarium\vendor\laravel\framework\src\Illuminate\Container\Container.php(811): Illuminate\Container\Container->getDependencies(Array, Array)
#9 E:\biotrop\herbarium\herbarium2\herbarium\vendor\laravel\framework\src\Illuminate\Container\Container.php(656): Illuminate\Container\Container->build('Illuminate\\Cook...', Array)
#10 E:\biotrop\herbarium\herbarium2\herbarium\vendor\laravel\framework\src\Illuminate\Foundation\Application.php(613): Illuminate\Container\Container->make('Illuminate\\Cook...', Array)
#11 E:\biotrop\herbarium\herbarium2\herbarium\vendor\laravel\framework\src\Illuminate\Pipeline\Pipeline.php(124): Illuminate\Foundation\Application->make('Illuminate\\Cook...')
#12 E:\biotrop\herbarium\herbarium2\herbarium\vendor\laravel\framework\src\Illuminate\Foundation\Http\Middleware\CheckForMaintenanceMode.php(42): Illuminate\Pipeline\Pipeline->Illuminate\Pipeline\{closure}(Object(Illuminate\Http\Request))
#13 E:\biotrop\herbarium\herbarium2\herbarium\vendor\laravel\framework\src\Illuminate\Pipeline\Pipeline.php(125): Illuminate\Foundation\Http\Middleware\CheckForMaintenanceMode->handle(Object(Illuminate\Http\Request), Object(Closure))
#14 [internal function]: Illuminate\Pipeline\Pipeline->Illuminate\Pipeline\{closure}(Object(Illuminate\Http\Request))
#15 E:\biotrop\herbarium\herbarium2\herbarium\vendor\laravel\framework\src\Illuminate\Pipeline\Pipeline.php(100): call_user_func(Object(Closure), Object(Illuminate\Http\Request))
#16 E:\biotrop\herbarium\herbarium2\herbarium\vendor\laravel\framework\src\Illuminate\Foundation\Http\Kernel.php(115): Illuminate\Pipeline\Pipeline->then(Object(Closure))
#17 E:\biotrop\herbarium\herbarium2\herbarium\vendor\laravel\framework\src\Illuminate\Foundation\Http\Kernel.php(84): Illuminate\Foundation\Http\Kernel->sendRequestThroughRouter(Object(Illuminate\Http\Request))
#18 E:\biotrop\herbarium\herbarium2\herbarium\public\index.php(52): Illuminate\Foundation\Http\Kernel->handle(Object(Illuminate\Http\Request))
#19 E:\biotrop\herbarium\herbarium2\herbarium\server.php(21): require_once('E:\\biotrop\\herb...')
#20 {main}  
[2017-07-19 03:17:23] production.ERROR: ErrorException: Function mcrypt_get_iv_size() is deprecated in E:\biotrop\herbarium\herbarium2\herbarium\vendor\laravel\framework\src\Illuminate\Encryption\Encrypter.php:303
Stack trace:
#0 E:\biotrop\herbarium\herbarium2\herbarium\vendor\laravel\framework\src\Illuminate\Encryption\Encrypter.php(303): Illuminate\Foundation\Bootstrap\HandleExceptions->handleError(8192, 'Function mcrypt...', 'E:\\biotrop\\herb...', 303, Array)
#1 E:\biotrop\herbarium\herbarium2\herbarium\vendor\laravel\framework\src\Illuminate\Encryption\Encrypter.php(280): Illuminate\Encryption\Encrypter->updateBlockSize()
#2 E:\biotrop\herbarium\herbarium2\herbarium\vendor\laravel\framework\src\Illuminate\Encryption\EncryptionServiceProvider.php(20): Illuminate\Encryption\Encrypter->setCipher('rijndael-128')
#3 E:\biotrop\herbarium\herbarium2\herbarium\vendor\laravel\framework\src\Illuminate\Container\Container.php(773): Illuminate\Encryption\EncryptionServiceProvider->Illuminate\Encryption\{closure}(Object(Illuminate\Foundation\Application), Array)
#4 E:\biotrop\herbarium\herbarium2\herbarium\vendor\laravel\framework\src\Illuminate\Container\Container.php(656): Illuminate\Container\Container->build(Object(Closure), Array)
#5 E:\biotrop\herbarium\herbarium2\herbarium\vendor\laravel\framework\src\Illuminate\Foundation\Application.php(613): Illuminate\Container\Container->make('encrypter', Array)
#6 E:\biotrop\herbarium\herbarium2\herbarium\vendor\laravel\framework\src\Illuminate\Container\Container.php(887): Illuminate\Foundation\Application->make('encrypter')
#7 E:\biotrop\herbarium\herbarium2\herbarium\vendor\laravel\framework\src\Illuminate\Container\Container.php(848): Illuminate\Container\Container->resolveClass(Object(ReflectionParameter))
#8 E:\biotrop\herbarium\herbarium2\herbarium\vendor\laravel\framework\src\Illuminate\Container\Container.php(811): Illuminate\Container\Container->getDependencies(Array, Array)
#9 E:\biotrop\herbarium\herbarium2\herbarium\vendor\laravel\framework\src\Illuminate\Container\Container.php(656): Illuminate\Container\Container->build('Illuminate\\Cook...', Array)
#10 E:\biotrop\herbarium\herbarium2\herbarium\vendor\laravel\framework\src\Illuminate\Foundation\Application.php(613): Illuminate\Container\Container->make('Illuminate\\Cook...', Array)
#11 E:\biotrop\herbarium\herbarium2\herbarium\vendor\laravel\framework\src\Illuminate\Foundation\Http\Kernel.php(131): Illuminate\Foundation\Application->make('Illuminate\\Cook...')
#12 E:\biotrop\herbarium\herbarium2\herbarium\public\index.php(57): Illuminate\Foundation\Http\Kernel->terminate(Object(Illuminate\Http\Request), Object(Symfony\Component\HttpFoundation\Response))
#13 E:\biotrop\herbarium\herbarium2\herbarium\server.php(21): require_once('E:\\biotrop\\herb...')
#14 {main}  
[2017-07-19 03:39:09] production.ERROR: ErrorException: Function mcrypt_get_iv_size() is deprecated in E:\biotrop\herbarium\herbarium2\herbarium\vendor\laravel\framework\src\Illuminate\Encryption\Encrypter.php:303
Stack trace:
#0 E:\biotrop\herbarium\herbarium2\herbarium\vendor\laravel\framework\src\Illuminate\Encryption\Encrypter.php(303): Illuminate\Foundation\Bootstrap\HandleExceptions->handleError(8192, 'Function mcrypt...', 'E:\\biotrop\\herb...', 303, Array)
#1 E:\biotrop\herbarium\herbarium2\herbarium\vendor\laravel\framework\src\Illuminate\Encryption\Encrypter.php(280): Illuminate\Encryption\Encrypter->updateBlockSize()
#2 E:\biotrop\herbarium\herbarium2\herbarium\vendor\laravel\framework\src\Illuminate\Encryption\EncryptionServiceProvider.php(20): Illuminate\Encryption\Encrypter->setCipher('rijndael-128')
#3 E:\biotrop\herbarium\herbarium2\herbarium\vendor\laravel\framework\src\Illuminate\Container\Container.php(773): Illuminate\Encryption\EncryptionServiceProvider->Illuminate\Encryption\{closure}(Object(Illuminate\Foundation\Application), Array)
#4 E:\biotrop\herbarium\herbarium2\herbarium\vendor\laravel\framework\src\Illuminate\Container\Container.php(656): Illuminate\Container\Container->build(Object(Closure), Array)
#5 E:\biotrop\herbarium\herbarium2\herbarium\vendor\laravel\framework\src\Illuminate\Foundation\Application.php(613): Illuminate\Container\Container->make('encrypter', Array)
#6 E:\biotrop\herbarium\herbarium2\herbarium\vendor\laravel\framework\src\Illuminate\Container\Container.php(887): Illuminate\Foundation\Application->make('encrypter')
#7 E:\biotrop\herbarium\herbarium2\herbarium\vendor\laravel\framework\src\Illuminate\Container\Container.php(848): Illuminate\Container\Container->resolveClass(Object(ReflectionParameter))
#8 E:\biotrop\herbarium\herbarium2\herbarium\vendor\laravel\framework\src\Illuminate\Container\Container.php(811): Illuminate\Container\Container->getDependencies(Array, Array)
#9 E:\biotrop\herbarium\herbarium2\herbarium\vendor\laravel\framework\src\Illuminate\Container\Container.php(656): Illuminate\Container\Container->build('Illuminate\\Cook...', Array)
#10 E:\biotrop\herbarium\herbarium2\herbarium\vendor\laravel\framework\src\Illuminate\Foundation\Application.php(613): Illuminate\Container\Container->make('Illuminate\\Cook...', Array)
#11 E:\biotrop\herbarium\herbarium2\herbarium\vendor\laravel\framework\src\Illuminate\Pipeline\Pipeline.php(124): Illuminate\Foundation\Application->make('Illuminate\\Cook...')
#12 E:\biotrop\herbarium\herbarium2\herbarium\vendor\laravel\framework\src\Illuminate\Foundation\Http\Middleware\CheckForMaintenanceMode.php(42): Illuminate\Pipeline\Pipeline->Illuminate\Pipeline\{closure}(Object(Illuminate\Http\Request))
#13 E:\biotrop\herbarium\herbarium2\herbarium\vendor\laravel\framework\src\Illuminate\Pipeline\Pipeline.php(125): Illuminate\Foundation\Http\Middleware\CheckForMaintenanceMode->handle(Object(Illuminate\Http\Request), Object(Closure))
#14 [internal function]: Illuminate\Pipeline\Pipeline->Illuminate\Pipeline\{closure}(Object(Illuminate\Http\Request))
#15 E:\biotrop\herbarium\herbarium2\herbarium\vendor\laravel\framework\src\Illuminate\Pipeline\Pipeline.php(100): call_user_func(Object(Closure), Object(Illuminate\Http\Request))
#16 E:\biotrop\herbarium\herbarium2\herbarium\vendor\laravel\framework\src\Illuminate\Foundation\Http\Kernel.php(115): Illuminate\Pipeline\Pipeline->then(Object(Closure))
#17 E:\biotrop\herbarium\herbarium2\herbarium\vendor\laravel\framework\src\Illuminate\Foundation\Http\Kernel.php(84): Illuminate\Foundation\Http\Kernel->sendRequestThroughRouter(Object(Illuminate\Http\Request))
#18 E:\biotrop\herbarium\herbarium2\herbarium\public\index.php(52): Illuminate\Foundation\Http\Kernel->handle(Object(Illuminate\Http\Request))
#19 E:\biotrop\herbarium\herbarium2\herbarium\server.php(21): require_once('E:\\biotrop\\herb...')
#20 {main}  
[2017-07-19 03:39:09] production.ERROR: ErrorException: Function mcrypt_get_iv_size() is deprecated in E:\biotrop\herbarium\herbarium2\herbarium\vendor\laravel\framework\src\Illuminate\Encryption\Encrypter.php:303
Stack trace:
#0 E:\biotrop\herbarium\herbarium2\herbarium\vendor\laravel\framework\src\Illuminate\Encryption\Encrypter.php(303): Illuminate\Foundation\Bootstrap\HandleExceptions->handleError(8192, 'Function mcrypt...', 'E:\\biotrop\\herb...', 303, Array)
#1 E:\biotrop\herbarium\herbarium2\herbarium\vendor\laravel\framework\src\Illuminate\Encryption\Encrypter.php(280): Illuminate\Encryption\Encrypter->updateBlockSize()
#2 E:\biotrop\herbarium\herbarium2\herbarium\vendor\laravel\framework\src\Illuminate\Encryption\EncryptionServiceProvider.php(20): Illuminate\Encryption\Encrypter->setCipher('rijndael-128')
#3 E:\biotrop\herbarium\herbarium2\herbarium\vendor\laravel\framework\src\Illuminate\Container\Container.php(773): Illuminate\Encryption\EncryptionServiceProvider->Illuminate\Encryption\{closure}(Object(Illuminate\Foundation\Application), Array)
#4 E:\biotrop\herbarium\herbarium2\herbarium\vendor\laravel\framework\src\Illuminate\Container\Container.php(656): Illuminate\Container\Container->build(Object(Closure), Array)
#5 E:\biotrop\herbarium\herbarium2\herbarium\vendor\laravel\framework\src\Illuminate\Foundation\Application.php(613): Illuminate\Container\Container->make('encrypter', Array)
#6 E:\biotrop\herbarium\herbarium2\herbarium\vendor\laravel\framework\src\Illuminate\Container\Container.php(887): Illuminate\Foundation\Application->make('encrypter')
#7 E:\biotrop\herbarium\herbarium2\herbarium\vendor\laravel\framework\src\Illuminate\Container\Container.php(848): Illuminate\Container\Container->resolveClass(Object(ReflectionParameter))
#8 E:\biotrop\herbarium\herbarium2\herbarium\vendor\laravel\framework\src\Illuminate\Container\Container.php(811): Illuminate\Container\Container->getDependencies(Array, Array)
#9 E:\biotrop\herbarium\herbarium2\herbarium\vendor\laravel\framework\src\Illuminate\Container\Container.php(656): Illuminate\Container\Container->build('Illuminate\\Cook...', Array)
#10 E:\biotrop\herbarium\herbarium2\herbarium\vendor\laravel\framework\src\Illuminate\Foundation\Application.php(613): Illuminate\Container\Container->make('Illuminate\\Cook...', Array)
#11 E:\biotrop\herbarium\herbarium2\herbarium\vendor\laravel\framework\src\Illuminate\Foundation\Http\Kernel.php(131): Illuminate\Foundation\Application->make('Illuminate\\Cook...')
#12 E:\biotrop\herbarium\herbarium2\herbarium\public\index.php(57): Illuminate\Foundation\Http\Kernel->terminate(Object(Illuminate\Http\Request), Object(Symfony\Component\HttpFoundation\Response))
#13 E:\biotrop\herbarium\herbarium2\herbarium\server.php(21): require_once('E:\\biotrop\\herb...')
#14 {main}  
